<?xml version="1.0" encoding="UTF-8"?>
<testExecutions version="1">
  <file path="C:\Personal\Repos\TestSonarCloud\ui\src\app\app.component.spec.ts">
    <testCase name="AppComponent should create the app" duration="71"/>
    <testCase name="AppComponent should have the &apos;ui&apos; title" duration="7"/>
    <testCase name="AppComponent should render title" duration="14"/>
  </file>
</testExecutions>